<?xml version="1.0" encoding="UTF-8"?>
<coverage generated="1547262091327" clover="3.2.0">
  <project timestamp="1547262091327" name="All files">
    <metrics statements="41" coveredstatements="36" conditionals="4" coveredconditionals="2" methods="15" coveredmethods="11" elements="60" coveredelements="49" complexity="0" loc="41" ncloc="41" packages="2" files="2" classes="2">
      <package name="server">
        <metrics statements="9" coveredstatements="8" conditionals="0" coveredconditionals="0" methods="2" coveredmethods="1"/>
        <file name="app.js" path="C:\Users\Josh\Documents\Dev\prescriptions\server\app.js">
          <metrics statements="9" coveredstatements="8" conditionals="0" coveredconditionals="0" methods="2" coveredmethods="1"/>
          <line num="1" count="1" type="stmt"/>
          <line num="2" count="1" type="stmt"/>
          <line num="3" count="1" type="stmt"/>
          <line num="5" count="1" type="stmt"/>
          <line num="7" count="1" type="stmt"/>
          <line num="8" count="3" type="stmt"/>
          <line num="12" count="0" type="stmt"/>
          <line num="16" count="1" type="stmt"/>
          <line num="18" count="1" type="stmt"/>
        </file>
      </package>
      <package name="server.utilities">
        <metrics statements="32" coveredstatements="28" conditionals="4" coveredconditionals="2" methods="13" coveredmethods="10"/>
        <file name="utilities.js" path="C:\Users\Josh\Documents\Dev\prescriptions\server\utilities\utilities.js">
          <metrics statements="32" coveredstatements="28" conditionals="4" coveredconditionals="2" methods="13" coveredmethods="10"/>
          <line num="1" count="2" type="stmt"/>
          <line num="4" count="1" type="stmt"/>
          <line num="5" count="1" type="stmt"/>
          <line num="6" count="1" type="stmt"/>
          <line num="8" count="1" type="cond" truecount="1" falsecount="1"/>
          <line num="11" count="1" type="stmt"/>
          <line num="13" count="1" type="stmt"/>
          <line num="14" count="1" type="cond" truecount="1" falsecount="1"/>
          <line num="15" count="1" type="stmt"/>
          <line num="24" count="1" type="stmt"/>
          <line num="25" count="1" type="stmt"/>
          <line num="26" count="1" type="stmt"/>
          <line num="31" count="1" type="stmt"/>
          <line num="32" count="1" type="stmt"/>
          <line num="34" count="1" type="stmt"/>
          <line num="41" count="1" type="stmt"/>
          <line num="44" count="1" type="stmt"/>
          <line num="48" count="1" type="stmt"/>
          <line num="55" count="0" type="stmt"/>
          <line num="61" count="1" type="stmt"/>
          <line num="65" count="1" type="stmt"/>
          <line num="68" count="0" type="stmt"/>
          <line num="74" count="1" type="stmt"/>
          <line num="78" count="1" type="stmt"/>
          <line num="79" count="1" type="stmt"/>
          <line num="83" count="1" type="stmt"/>
          <line num="87" count="1" type="stmt"/>
          <line num="88" count="1" type="stmt"/>
          <line num="91" count="2" type="stmt"/>
          <line num="92" count="0" type="stmt"/>
          <line num="93" count="0" type="stmt"/>
          <line num="96" count="2" type="stmt"/>
        </file>
      </package>
    </metrics>
  </project>
</coverage>
