{"C:\\Users\\Josh\\Documents\\Dev\\prescriptions\\server\\app.js": {"path":"C:\\Users\\Josh\\Documents\\Dev\\prescriptions\\server\\app.js","statementMap":{"0":{"start":{"line":1,"column":16},"end":{"line":1,"column":34}},"1":{"start":{"line":2,"column":12},"end":{"line":2,"column":21}},"2":{"start":{"line":3,"column":21},"end":{"line":3,"column":46}},"3":{"start":{"line":4,"column":18},"end":{"line":4,"column":50}},"4":{"start":{"line":6,"column":0},"end":{"line":6,"column":24}},"5":{"start":{"line":8,"column":0},"end":{"line":17,"column":3}},"6":{"start":{"line":9,"column":2},"end":{"line":16,"column":6}},"7":{"start":{"line":13,"column":6},"end":{"line":15,"column":8}},"8":{"start":{"line":19,"column":0},"end":{"line":19,"column":27}},"9":{"start":{"line":20,"column":0},"end":{"line":20,"column":22}},"10":{"start":{"line":22,"column":0},"end":{"line":22,"column":21}}},"fnMap":{"0":{"name":"(anonymous_0)","decl":{"start":{"line":8,"column":13},"end":{"line":8,"column":14}},"loc":{"start":{"line":8,"column":33},"end":{"line":17,"column":1}},"line":8},"1":{"name":"(anonymous_1)","decl":{"start":{"line":12,"column":11},"end":{"line":12,"column":12}},"loc":{"start":{"line":13,"column":6},"end":{"line":15,"column":8}},"line":13}},"branchMap":{},"s":{"0":1,"1":1,"2":1,"3":1,"4":1,"5":1,"6":3,"7":0,"8":1,"9":1,"10":1},"f":{"0":3,"1":0},"b":{},"_coverageSchema":"332fd63041d2c1bcb487cc26dd0d5f7d97098a6c","hash":"d706b348408245dd9f5434391ec6760a077228e3"}
}
