TN:
SF:C:\Users\Josh\Documents\Dev\prescriptions\server\app.js
FN:7,(anonymous_0)
FN:11,(anonymous_1)
FNF:2
FNH:1
FNDA:3,(anonymous_0)
FNDA:0,(anonymous_1)
DA:1,1
DA:2,1
DA:3,1
DA:5,1
DA:7,1
DA:8,3
DA:12,0
DA:16,1
DA:18,1
LF:9
LH:8
BRF:0
BRH:0
end_of_record
TN:
SF:C:\Users\Josh\Documents\Dev\prescriptions\server\utilities\utilities.js
FN:3,buildPrescriptionResults
FN:4,(anonymous_1)
FN:29,cleanUp
FN:32,(anonymous_3)
FN:47,_getMedication
FN:54,(anonymous_5)
FN:64,_getRxcuiEquivalents
FN:67,(anonymous_7)
FN:77,_filterOnlyGenerics
FN:82,_isGeneric
FN:86,_removeNullValues
FN:87,(anonymous_11)
FN:91,(anonymous_12)
FNF:13
FNH:10
FNDA:1,buildPrescriptionResults
FNDA:1,(anonymous_1)
FNDA:1,cleanUp
FNDA:1,(anonymous_3)
FNDA:1,_getMedication
FNDA:0,(anonymous_5)
FNDA:1,_getRxcuiEquivalents
FNDA:0,(anonymous_7)
FNDA:1,_filterOnlyGenerics
FNDA:1,_isGeneric
FNDA:1,_removeNullValues
FNDA:1,(anonymous_11)
FNDA:0,(anonymous_12)
DA:1,2
DA:4,1
DA:5,1
DA:6,1
DA:8,1
DA:11,1
DA:13,1
DA:14,1
DA:15,1
DA:24,1
DA:25,1
DA:26,1
DA:31,1
DA:32,1
DA:34,1
DA:41,1
DA:44,1
DA:48,1
DA:55,0
DA:61,1
DA:65,1
DA:68,0
DA:74,1
DA:78,1
DA:79,1
DA:83,1
DA:87,1
DA:88,1
DA:91,2
DA:92,0
DA:93,0
DA:96,2
LF:32
LH:28
BRDA:8,0,0,1
BRDA:8,0,1,0
BRDA:14,1,0,1
BRDA:14,1,1,0
BRF:4
BRH:2
end_of_record
